0 info it worked if it ends with ok
1 verbose cli [ 'C:\\Program Files\\nodejs\\node.exe',
1 verbose cli   'C:\\Program Files\\nodejs\\node_modules\\npm\\bin\\npm-cli.js',
1 verbose cli   'run',
1 verbose cli   'lint' ]
2 info using npm@3.10.10
3 info using node@v6.9.5
4 verbose run-script [ 'prelint', 'lint', 'postlint' ]
5 info lifecycle oncepueblos@0.1.0~prelint: oncepueblos@0.1.0
6 silly lifecycle oncepueblos@0.1.0~prelint: no script for prelint, continuing
7 info lifecycle oncepueblos@0.1.0~lint: oncepueblos@0.1.0
8 verbose lifecycle oncepueblos@0.1.0~lint: unsafe-perm in lifecycle true
9 verbose lifecycle oncepueblos@0.1.0~lint: PATH: C:\Program Files\nodejs\node_modules\npm\bin\node-gyp-bin;C:\Users\User\Documents\GitHub\oncepueblos\node_modules\.bin;C:\Users\User\Documents\GitHub\oncepueblos\node_modules\.bin;C:\Users\User\AppData\Local\Yarn\config\link\node_modules\.bin;C:\Users\User\Documents\GitHub\oncepueblos\node_modules\.bin;C:\Users\User\AppData\Local\Yarn\config\link\node_modules\.bin;C:\Program Files (x86)\Yarn\bin\node-gyp-bin;C:\ProgramData\Oracle\Java\javapath;C:\Program Files (x86)\Intel\iCLS Client\;C:\Program Files\Intel\iCLS Client\;C:\WINDOWS\system32;C:\WINDOWS;C:\WINDOWS\System32\Wbem;C:\WINDOWS\System32\WindowsPowerShell\v1.0\;C:\Program Files (x86)\Intel\Intel(R) Management Engine Components\DAL;C:\Program Files\Intel\Intel(R) Management Engine Components\DAL;C:\Program Files (x86)\Intel\Intel(R) Management Engine Components\IPT;C:\Program Files\Intel\Intel(R) Management Engine Components\IPT;c:\Program Files (x86)\ATI Technologies\ATI.ACE\Core-Static;c:\Program Files\Intel\IntelSGXPSW\bin\x64\Release\;c:\Program Files\Intel\IntelSGXPSW\bin\win32\Release\;C:\Program Files\Intel\WiFi\bin\;C:\Program Files\Common Files\Intel\WirelessCommon\;C:\Program Files\nodejs\;C:\Program Files (x86)\Yarn\bin;C:\Program Files\Git\cmd;C:\Users\User\Anaconda3;C:\Users\User\Anaconda3\Scripts;C:\Users\User\Anaconda3\Library\bin;C:\Users\User\AppData\Local\Programs\Python\Python35\Scripts\;C:\Users\User\AppData\Local\Programs\Python\Python35\;C:\Users\User\AppData\Roaming\npm;C:\Users\User\AppData\Local\Yarn\.bin;C:\Users\User\AppData\Local\atom\bin;C:\Users\User\AppData\Local\Microsoft\WindowsApps;C:\Users\User\AppData\Local\.meteor\;C:\Program Files (x86)\Manymo/bin;C:\Users\User\AppData\Local\Google\Cloud SDK\google-cloud-sdk\bin;
10 verbose lifecycle oncepueblos@0.1.0~lint: CWD: C:\Users\User\Documents\GitHub\oncepueblos
11 silly lifecycle oncepueblos@0.1.0~lint: Args: [ '/d /s /c', 'standard' ]
12 silly lifecycle oncepueblos@0.1.0~lint: Returned: code: 1  signal: null
13 info lifecycle oncepueblos@0.1.0~lint: Failed to exec lint script
14 verbose stack Error: oncepueblos@0.1.0 lint: `standard`
14 verbose stack Exit status 1
14 verbose stack     at EventEmitter.<anonymous> (C:\Program Files\nodejs\node_modules\npm\lib\utils\lifecycle.js:255:16)
14 verbose stack     at emitTwo (events.js:106:13)
14 verbose stack     at EventEmitter.emit (events.js:191:7)
14 verbose stack     at ChildProcess.<anonymous> (C:\Program Files\nodejs\node_modules\npm\lib\utils\spawn.js:40:14)
14 verbose stack     at emitTwo (events.js:106:13)
14 verbose stack     at ChildProcess.emit (events.js:191:7)
14 verbose stack     at maybeClose (internal/child_process.js:877:16)
14 verbose stack     at Process.ChildProcess._handle.onexit (internal/child_process.js:226:5)
15 verbose pkgid oncepueblos@0.1.0
16 verbose cwd C:\Users\User\Documents\GitHub\oncepueblos
17 error Windows_NT 10.0.15063
18 error argv "C:\\Program Files\\nodejs\\node.exe" "C:\\Program Files\\nodejs\\node_modules\\npm\\bin\\npm-cli.js" "run" "lint"
19 error node v6.9.5
20 error npm  v3.10.10
21 error code ELIFECYCLE
22 error oncepueblos@0.1.0 lint: `standard`
22 error Exit status 1
23 error Failed at the oncepueblos@0.1.0 lint script 'standard'.
23 error Make sure you have the latest version of node.js and npm installed.
23 error If you do, this is most likely a problem with the oncepueblos package,
23 error not with npm itself.
23 error Tell the author that this fails on your system:
23 error     standard
23 error You can get information on how to open an issue for this project with:
23 error     npm bugs oncepueblos
23 error Or if that isn't available, you can get their info via:
23 error     npm owner ls oncepueblos
23 error There is likely additional logging output above.
24 verbose exit [ 1, true ]
